[2021-08-11 06:36:52] local.ERROR: SQLSTATE[22001]: String data, right truncated: 1406 Data too long for column 'ContactComment' at row 1 (SQL: insert into `tbl_contact` (`ContactName`, `ContactEmail`, `ContactComment`, `created_at`, `updated_at`) values (CameronToM, xgamer1def@gmail.com, If you are interested in INCREASING sales and traffic on your website - read to the end. 
 
I will naturally place (that is, manually) on the forums unique messages (articles, posts) with a keyword and a link to your site. Size from 200 characters. 
I give a 30-day guarantee. If any link is removed during this time, I will replace it. 
Links will be posted on verified forums in the most appropriate sections of the forums. 
 
What is the benefit of such posting on forums? 
- Growth of positions of your site in Google for the keyword. 
- Eternal links 
- Additional thematic traffic sources 
- Dilution of the reference mass 
- Subject traffic to your site 
 
By ordering the "BUSINESS" tariff, you will see the result in a month. 
Increasing traffic, increasing the position of your site in Google, increasing sales. 
 
Contact by contacts: Telegram @eTraffik 
 
Categories and topics of forums: 
- Links from 60 forums Ukraine. Creation of topics. http://gg.gg/ukr_links2 
- Links from 60 forums in France. Creation of topics. http://gg.gg/french-links 
- Links from 60 forums in Germany. Creation of topics. http://gg.gg/germany-links 
- Forums Italy (From 10 forums. Price $30) 
- Forums England (From 20 forums. Price $60) 
- Forums Australia (From 10 forums. Price $30) 
- Forums Spain (From 10 forums. Price $30) 
- Forums Poland (From 10 forums. Price $30) 
- China Forums (From 40 forums. Price $120) 
- Forums EURO (From 10 forums. Price $30) 
- ICS forums from 100 (From 10 forums. Price $30) 
- Forums of the subject Music (From 20 forums. Price $60) 
- Forums of the topic Education (From 20 forums. Price $60) 
- Automotive forums (From 20 forums. Price $60) 
- Forums on the subject of Games (From 20 forums. Price $60) 
- Forums on the subject of Cinema (From 20 forums. Price $60) 
- Forums of the topic Finance (From 20 forums. Price $60) 
- Forums on the topic Construction (From 20 forums. Price $60) 
- Forums on the subject of Sport (From 20 forums. Price $60) 
- Health forums (From 20 forums. Price $60) 
- Forums of the subject Work (From 20 forums. Price $60) 
- Women's forums (From 20 forums. Price $60) 
 
* Text writing, not included in the price. 
** The cost includes: Registration on the thematic forum. Creating a topic on the forum. Picture, text, link to the site. 
 
Contacts: Telegram @eTraffik 
 
------------------------- 
 
Если Вам интересно ПОВЫШЕНИЕ на Вашем сайте продаж и трафика  - дочитайте до конца. 
 
Размещу естественным путем (то есть вручную) на форумах уникальные сообщения (статтья, пост) с ключевым словом и ссылкой на Ваш сайт. Размером от 200 знаков. 
Даю 30 дней гарантии. Если в течение этого времени будет удалена какая либо ссылка, я её заменю. 
Ссылки будут размещаться на проверенных форумах в наиболее подходящих разделах форумов. 
 
Что дает такое размещение на форумах? 
- Рост позиций вашего сайта в Google по ключевому слову. 
- Вечные ссылки 
- Дополнительные тематические источники трафика 
- Разбавление ссылочной массы 
- Тематический трафик на Ваш сайт 
 
Заказав тариф "БИЗНЕС", Вы уже через месяц увидете результат. 
Повышения трафика, повышение позиций Вашего сайта в Google, увелечение продаж. 
 
Обращайтесь по контактам: Telegram @eTraffik 
 
Категории и тематики форумов: 
- Ссылки с 60 форумов Украина. Создание топиков. http://gg.gg/ukr_links2 
- Ссылки с 60 форумов Франции. Создание топиков. http://gg.gg/french-links 
- Ссылки с 60 форумов Германии. Создание топиков. http://gg.gg/germany-links 
- Форумы Italy (От 10 форумов. Цена 30$) 
- Форумы England (От 20 форумов. Цена 60$) 
- Форумы Australia (От 10 форумов. Цена 30$) 
- Форумы Spain (От 10 форумов. Цена 30$) 
- Форумы Poland (От 10 форумов. Цена 30$) 
- Форумы China (От 40 форумов. Цена 120$) 
- Форумы EURO (От 10 форумов. Цена 30$) 
- Форумы ИКС от 100 (От 10 форумов. Цена 30$) 
- Форумы тематики Музыка (От 20 форумов. Цена 60$) 
- Форумы тематики Образование (От 20 форумов. Цена 60$) 
- Форумы тематики Автомобили (От 20 форумов. Цена 60$) 
- Форумы тематики Игры (От 20 форумов. Цена 60$) 
- Форумы тематики Кино (От 20 форумов. Цена 60$) 
- Форумы тематики Финансы (От 20 форумов. Цена 60$) 
- Форумы тематики Строительство (От 20 форумов. Цена 60$) 
- Форумы тематики Спорт (От 20 форумов. Цена 60$) 
- Форумы тематики Здоровье (От 20 форумов. Цена 60$) 
- Форумы тематики Работа (От 20 форумов. Цена 60$) 
- Форумы тематики Женский (От 20 форумов.  Цена 60$) 
 
* Написание текста, в стоимость не входит. 
** В стоиомть входит: Регистрация на тематическом форуме. Создание топика на форуме. Картинка, текст, ссылка на сайт. 
 
Контакты: Telegram @eTraffik, 2021-08-11 06:36:52, 2021-08-11 06:36:52)) {"exception":"[object] (Illuminate\\Database\\QueryException(code: 22001): SQLSTATE[22001]: String data, right truncated: 1406 Data too long for column 'ContactComment' at row 1 (SQL: insert into `tbl_contact` (`ContactName`, `ContactEmail`, `ContactComment`, `created_at`, `updated_at`) values (CameronToM, xgamer1def@gmail.com, If you are interested in INCREASING sales and traffic on your website - read to the end. 
 
I will naturally place (that is, manually) on the forums unique messages (articles, posts) with a keyword and a link to your site. Size from 200 characters. 
I give a 30-day guarantee. If any link is removed during this time, I will replace it. 
Links will be posted on verified forums in the most appropriate sections of the forums. 
 
What is the benefit of such posting on forums? 
- Growth of positions of your site in Google for the keyword. 
- Eternal links 
- Additional thematic traffic sources 
- Dilution of the reference mass 
- Subject traffic to your site 
 
By ordering the \"BUSINESS\" tariff, you will see the result in a month. 
Increasing traffic, increasing the position of your site in Google, increasing sales. 
 
Contact by contacts: Telegram @eTraffik 
 
Categories and topics of forums: 
- Links from 60 forums Ukraine. Creation of topics. http://gg.gg/ukr_links2 
- Links from 60 forums in France. Creation of topics. http://gg.gg/french-links 
- Links from 60 forums in Germany. Creation of topics. http://gg.gg/germany-links 
- Forums Italy (From 10 forums. Price $30) 
- Forums England (From 20 forums. Price $60) 
- Forums Australia (From 10 forums. Price $30) 
- Forums Spain (From 10 forums. Price $30) 
- Forums Poland (From 10 forums. Price $30) 
- China Forums (From 40 forums. Price $120) 
- Forums EURO (From 10 forums. Price $30) 
- ICS forums from 100 (From 10 forums. Price $30) 
- Forums of the subject Music (From 20 forums. Price $60) 
- Forums of the topic Education (From 20 forums. Price $60) 
- Automotive forums (From 20 forums. Price $60) 
- Forums on the subject of Games (From 20 forums. Price $60) 
- Forums on the subject of Cinema (From 20 forums. Price $60) 
- Forums of the topic Finance (From 20 forums. Price $60) 
- Forums on the topic Construction (From 20 forums. Price $60) 
- Forums on the subject of Sport (From 20 forums. Price $60) 
- Health forums (From 20 forums. Price $60) 
- Forums of the subject Work (From 20 forums. Price $60) 
- Women's forums (From 20 forums. Price $60) 
 
* Text writing, not included in the price. 
** The cost includes: Registration on the thematic forum. Creating a topic on the forum. Picture, text, link to the site. 
 
Contacts: Telegram @eTraffik 
 
------------------------- 
 
Если Вам интересно ПОВЫШЕНИЕ на Вашем сайте продаж и трафика  - дочитайте до конца. 
 
Размещу естественным путем (то есть вручную) на форумах уникальные сообщения (статтья, пост) с ключевым словом и ссылкой на Ваш сайт. Размером от 200 знаков. 
Даю 30 дней гарантии. Если в течение этого времени будет удалена какая либо ссылка, я её заменю. 
Ссылки будут размещаться на проверенных форумах в наиболее подходящих разделах форумов. 
 
Что дает такое размещение на форумах? 
- Рост позиций вашего сайта в Google по ключевому слову. 
- Вечные ссылки 
- Дополнительные тематические источники трафика 
- Разбавление ссылочной массы 
- Тематический трафик на Ваш сайт 
 
Заказав тариф \"БИЗНЕС\", Вы уже через месяц увидете результат. 
Повышения трафика, повышение позиций Вашего сайта в Google, увелечение продаж. 
 
Обращайтесь по контактам: Telegram @eTraffik 
 
Категории и тематики форумов: 
- Ссылки с 60 форумов Украина. Создание топиков. http://gg.gg/ukr_links2 
- Ссылки с 60 форумов Франции. Создание топиков. http://gg.gg/french-links 
- Ссылки с 60 форумов Германии. Создание топиков. http://gg.gg/germany-links 
- Форумы Italy (От 10 форумов. Цена 30$) 
- Форумы England (От 20 форумов. Цена 60$) 
- Форумы Australia (От 10 форумов. Цена 30$) 
- Форумы Spain (От 10 форумов. Цена 30$) 
- Форумы Poland (От 10 форумов. Цена 30$) 
- Форумы China (От 40 форумов. Цена 120$) 
- Форумы EURO (От 10 форумов. Цена 30$) 
- Форумы ИКС от 100 (От 10 форумов. Цена 30$) 
- Форумы тематики Музыка (От 20 форумов. Цена 60$) 
- Форумы тематики Образование (От 20 форумов. Цена 60$) 
- Форумы тематики Автомобили (От 20 форумов. Цена 60$) 
- Форумы тематики Игры (От 20 форумов. Цена 60$) 
- Форумы тематики Кино (От 20 форумов. Цена 60$) 
- Форумы тематики Финансы (От 20 форумов. Цена 60$) 
- Форумы тематики Строительство (От 20 форумов. Цена 60$) 
- Форумы тематики Спорт (От 20 форумов. Цена 60$) 
- Форумы тематики Здоровье (От 20 форумов. Цена 60$) 
- Форумы тематики Работа (От 20 форумов. Цена 60$) 
- Форумы тематики Женский (От 20 форумов.  Цена 60$) 
 
* Написание текста, в стоимость не входит. 
** В стоиомть входит: Регистрация на тематическом форуме. Создание топика на форуме. Картинка, текст, ссылка на сайт. 
 
Контакты: Telegram @eTraffik, 2021-08-11 06:36:52, 2021-08-11 06:36:52)) at /home/emzaapp1/mysite/vendor/laravel/framework/src/Illuminate/Database/Connection.php:664, PDOException(code: 22001): SQLSTATE[22001]: String data, right truncated: 1406 Data too long for column 'ContactComment' at row 1 at /home/emzaapp1/mysite/vendor/laravel/framework/src/Illuminate/Database/Connection.php:458)
[stacktrace]
#0 /home/emzaapp1/mysite/vendor/laravel/framework/src/Illuminate/Database/Connection.php(624): Illuminate\\Database\\Connection->runQueryCallback('insert into `tb...', Array, Object(Closure))
#1 /home/emzaapp1/mysite/vendor/laravel/framework/src/Illuminate/Database/Connection.php(459): Illuminate\\Database\\Connection->run('insert into `tb...', Array, Object(Closure))
#2 /home/emzaapp1/mysite/vendor/laravel/framework/src/Illuminate/Database/Connection.php(411): Illuminate\\Database\\Connection->statement('insert into `tb...', Array)
#3 /home/emzaapp1/mysite/vendor/laravel/framework/src/Illuminate/Database/Query/Builder.php(2646): Illuminate\\Database\\Connection->insert('insert into `tb...', Array)
#4 /home/emzaapp1/mysite/app/Http/Controllers/MasterController.php(335): Illuminate\\Database\\Query\\Builder->insert(Array)
#5 [internal function]: App\\Http\\Controllers\\mastercontroller->submit_comment(Object(Illuminate\\Http\\Request))
#6 /home/emzaapp1/mysite/vendor/laravel/framework/src/Illuminate/Routing/Controller.php(54): call_user_func_array(Array, Array)
#7 /home/emzaapp1/mysite/vendor/laravel/framework/src/Illuminate/Routing/ControllerDispatcher.php(45): Illuminate\\Routing\\Controller->callAction('submit_comment', Array)
#8 /home/emzaapp1/mysite/vendor/laravel/framework/src/Illuminate/Routing/Route.php(219): Illuminate\\Routing\\ControllerDispatcher->dispatch(Object(Illuminate\\Routing\\Route), Object(App\\Http\\Controllers\\mastercontroller), 'submit_comment')
#9 /home/emzaapp1/mysite/vendor/laravel/framework/src/Illuminate/Routing/Route.php(176): Illuminate\\Routing\\Route->runController()
#10 /home/emzaapp1/mysite/vendor/laravel/framework/src/Illuminate/Routing/Router.php(680): Illuminate\\Routing\\Route->run()
#11 /home/emzaapp1/mysite/vendor/laravel/framework/src/Illuminate/Routing/Pipeline.php(30): Illuminate\\Routing\\Router->Illuminate\\Routing\\{closure}(Object(Illuminate\\Http\\Request))
#12 /home/emzaapp1/mysite/vendor/laravel/framework/src/Illuminate/Routing/Middleware/ThrottleRequests.php(58): Illuminate\\Routing\\Pipeline->Illuminate\\Routing\\{closure}(Object(Illuminate\\Http\\Request))
#13 /home/emzaapp1/mysite/vendor/laravel/framework/src/Illuminate/Pipeline/Pipeline.php(163): Illuminate\\Routing\\Middleware\\ThrottleRequests->handle(Object(Illuminate\\Http\\Request), Object(Closure), 80)
#14 /home/emzaapp1/mysite/vendor/laravel/framework/src/Illuminate/Routing/Pipeline.php(53): Illuminate\\Pipeline\\Pipeline->Illuminate\\Pipeline\\{closure}(Object(Illuminate\\Http\\Request))
#15 /home/emzaapp1/mysite/vendor/laravel/framework/src/Illuminate/Routing/Middleware/SubstituteBindings.php(41): Illuminate\\Routing\\Pipeline->Illuminate\\Routing\\{closure}(Object(Illuminate\\Http\\Request))
#16 /home/emzaapp1/mysite/vendor/laravel/framework/src/Illuminate/Pipeline/Pipeline.php(163): Illuminate\\Routing\\Middleware\\SubstituteBindings->handle(Object(Illuminate\\Http\\Request), Object(Closure))
#17 /home/emzaapp1/mysite/vendor/laravel/framework/src/Illuminate/Routing/Pipeline.php(53): Illuminate\\Pipeline\\Pipeline->Illuminate\\Pipeline\\{closure}(Object(Illuminate\\Http\\Request))
#18 /home/emzaapp1/mysite/vendor/laravel/framework/src/Illuminate/Foundation/Http/Middleware/VerifyCsrfToken.php(75): Illuminate\\Routing\\Pipeline->Illuminate\\Routing\\{closure}(Object(Illuminate\\Http\\Request))
#19 /home/emzaapp1/mysite/vendor/laravel/framework/src/Illuminate/Pipeline/Pipeline.php(163): Illuminate\\Foundation\\Http\\Middleware\\VerifyCsrfToken->handle(Object(Illuminate\\Http\\Request), Object(Closure))
#20 /home/emzaapp1/mysite/vendor/laravel/framework/src/Illuminate/Routing/Pipeline.php(53): Illuminate\\Pipeline\\Pipeline->Illuminate\\Pipeline\\{closure}(Object(Illuminate\\Http\\Request))
#21 /home/emzaapp1/mysite/vendor/laravel/framework/src/Illuminate/View/Middleware/ShareErrorsFromSession.php(49): Illuminate\\Routing\\Pipeline->Illuminate\\Routing\\{closure}(Object(Illuminate\\Http\\Request))
#22 /home/emzaapp1/mysite/vendor/laravel/framework/src/Illuminate/Pipeline/Pipeline.php(163): Illuminate\\View\\Middleware\\ShareErrorsFromSession->handle(Object(Illuminate\\Http\\Request), Object(Closure))
#23 /home/emzaapp1/mysite/vendor/laravel/framework/src/Illuminate/Routing/Pipeline.php(53): Illuminate\\Pipeline\\Pipeline->Illuminate\\Pipeline\\{closure}(Object(Illuminate\\Http\\Request))
#24 /home/emzaapp1/mysite/vendor/laravel/framework/src/Illuminate/Session/Middleware/StartSession.php(56): Illuminate\\Routing\\Pipeline->Illuminate\\Routing\\{closure}(Object(Illuminate\\Http\\Request))
#25 /home/emzaapp1/mysite/vendor/laravel/framework/src/Illuminate/Pipeline/Pipeline.php(163): Illuminate\\Session\\Middleware\\StartSession->handle(Object(Illuminate\\Http\\Request), Object(Closure))
#26 /home/emzaapp1/mysite/vendor/laravel/framework/src/Illuminate/Routing/Pipeline.php(53): Illuminate\\Pipeline\\Pipeline->Illuminate\\Pipeline\\{closure}(Object(Illuminate\\Http\\Request))
#27 /home/emzaapp1/mysite/vendor/laravel/framework/src/Illuminate/Cookie/Middleware/AddQueuedCookiesToResponse.php(37): Illuminate\\Routing\\Pipeline->Illuminate\\Routing\\{closure}(Object(Illuminate\\Http\\Request))
#28 /home/emzaapp1/mysite/vendor/laravel/framework/src/Illuminate/Pipeline/Pipeline.php(163): Illuminate\\Cookie\\Middleware\\AddQueuedCookiesToResponse->handle(Object(Illuminate\\Http\\Request), Object(Closure))
#29 /home/emzaapp1/mysite/vendor/laravel/framework/src/Illuminate/Routing/Pipeline.php(53): Illuminate\\Pipeline\\Pipeline->Illuminate\\Pipeline\\{closure}(Object(Illuminate\\Http\\Request))
#30 /home/emzaapp1/mysite/vendor/laravel/framework/src/Illuminate/Cookie/Middleware/EncryptCookies.php(66): Illuminate\\Routing\\Pipeline->Illuminate\\Routing\\{closure}(Object(Illuminate\\Http\\Request))
#31 /home/emzaapp1/mysite/vendor/laravel/framework/src/Illuminate/Pipeline/Pipeline.php(163): Illuminate\\Cookie\\Middleware\\EncryptCookies->handle(Object(Illuminate\\Http\\Request), Object(Closure))
#32 /home/emzaapp1/mysite/vendor/laravel/framework/src/Illuminate/Routing/Pipeline.php(53): Illuminate\\Pipeline\\Pipeline->Illuminate\\Pipeline\\{closure}(Object(Illuminate\\Http\\Request))
#33 /home/emzaapp1/mysite/vendor/laravel/framework/src/Illuminate/Pipeline/Pipeline.php(104): Illuminate\\Routing\\Pipeline->Illuminate\\Routing\\{closure}(Object(Illuminate\\Http\\Request))
#34 /home/emzaapp1/mysite/vendor/laravel/framework/src/Illuminate/Routing/Router.php(682): Illuminate\\Pipeline\\Pipeline->then(Object(Closure))
#35 /home/emzaapp1/mysite/vendor/laravel/framework/src/Illuminate/Routing/Router.php(657): Illuminate\\Routing\\Router->runRouteWithinStack(Object(Illuminate\\Routing\\Route), Object(Illuminate\\Http\\Request))
#36 /home/emzaapp1/mysite/vendor/laravel/framework/src/Illuminate/Routing/Router.php(623): Illuminate\\Routing\\Router->runRoute(Object(Illuminate\\Http\\Request), Object(Illuminate\\Routing\\Route))
#37 /home/emzaapp1/mysite/vendor/laravel/framework/src/Illuminate/Routing/Router.php(612): Illuminate\\Routing\\Router->dispatchToRoute(Object(Illuminate\\Http\\Request))
#38 /home/emzaapp1/mysite/vendor/laravel/framework/src/Illuminate/Foundation/Http/Kernel.php(176): Illuminate\\Routing\\Router->dispatch(Object(Illuminate\\Http\\Request))
#39 /home/emzaapp1/mysite/vendor/laravel/framework/src/Illuminate/Routing/Pipeline.php(30): Illuminate\\Foundation\\Http\\Kernel->Illuminate\\Foundation\\Http\\{closure}(Object(Illuminate\\Http\\Request))
#40 /home/emzaapp1/mysite/vendor/laravel/framework/src/Illuminate/Foundation/Http/Middleware/TransformsRequest.php(21): Illuminate\\Routing\\Pipeline->Illuminate\\Routing\\{closure}(Object(Illuminate\\Http\\Request))
#41 /home/emzaapp1/mysite/vendor/laravel/framework/src/Illuminate/Pipeline/Pipeline.php(163): Illuminate\\Foundation\\Http\\Middleware\\TransformsRequest->handle(Object(Illuminate\\Http\\Request), Object(Closure))
#42 /home/emzaapp1/mysite/vendor/laravel/framework/src/Illuminate/Routing/Pipeline.php(53): Illuminate\\Pipeline\\Pipeline->Illuminate\\Pipeline\\{closure}(Object(Illuminate\\Http\\Request))
#43 /home/emzaapp1/mysite/vendor/laravel/framework/src/Illuminate/Foundation/Http/Middleware/TransformsRequest.php(21): Illuminate\\Routing\\Pipeline->Illuminate\\Routing\\{closure}(Object(Illuminate\\Http\\Request))
#44 /home/emzaapp1/mysite/vendor/laravel/framework/src/Illuminate/Pipeline/Pipeline.php(163): Illuminate\\Foundation\\Http\\Middleware\\TransformsRequest->handle(Object(Illuminate\\Http\\Request), Object(Closure))
#45 /home/emzaapp1/mysite/vendor/laravel/framework/src/Illuminate/Routing/Pipeline.php(53): Illuminate\\Pipeline\\Pipeline->Illuminate\\Pipeline\\{closure}(Object(Illuminate\\Http\\Request))
#46 /home/emzaapp1/mysite/vendor/laravel/framework/src/Illuminate/Foundation/Http/Middleware/ValidatePostSize.php(27): Illuminate\\Routing\\Pipeline->Illuminate\\Routing\\{closure}(Object(Illuminate\\Http\\Request))
#47 /home/emzaapp1/mysite/vendor/laravel/framework/src/Illuminate/Pipeline/Pipeline.php(163): Illuminate\\Foundation\\Http\\Middleware\\ValidatePostSize->handle(Object(Illuminate\\Http\\Request), Object(Closure))
#48 /home/emzaapp1/mysite/vendor/laravel/framework/src/Illuminate/Routing/Pipeline.php(53): Illuminate\\Pipeline\\Pipeline->Illuminate\\Pipeline\\{closure}(Object(Illuminate\\Http\\Request))
#49 /home/emzaapp1/mysite/vendor/laravel/framework/src/Illuminate/Foundation/Http/Middleware/CheckForMaintenanceMode.php(62): Illuminate\\Routing\\Pipeline->Illuminate\\Routing\\{closure}(Object(Illuminate\\Http\\Request))
#50 /home/emzaapp1/mysite/vendor/laravel/framework/src/Illuminate/Pipeline/Pipeline.php(163): Illuminate\\Foundation\\Http\\Middleware\\CheckForMaintenanceMode->handle(Object(Illuminate\\Http\\Request), Object(Closure))
#51 /home/emzaapp1/mysite/vendor/laravel/framework/src/Illuminate/Routing/Pipeline.php(53): Illuminate\\Pipeline\\Pipeline->Illuminate\\Pipeline\\{closure}(Object(Illuminate\\Http\\Request))
#52 /home/emzaapp1/mysite/vendor/fideloper/proxy/src/TrustProxies.php(57): Illuminate\\Routing\\Pipeline->Illuminate\\Routing\\{closure}(Object(Illuminate\\Http\\Request))
#53 /home/emzaapp1/mysite/vendor/laravel/framework/src/Illuminate/Pipeline/Pipeline.php(163): Fideloper\\Proxy\\TrustProxies->handle(Object(Illuminate\\Http\\Request), Object(Closure))
#54 /home/emzaapp1/mysite/vendor/laravel/framework/src/Illuminate/Routing/Pipeline.php(53): Illuminate\\Pipeline\\Pipeline->Illuminate\\Pipeline\\{closure}(Object(Illuminate\\Http\\Request))
#55 /home/emzaapp1/mysite/vendor/laravel/framework/src/Illuminate/Pipeline/Pipeline.php(104): Illuminate\\Routing\\Pipeline->Illuminate\\Routing\\{closure}(Object(Illuminate\\Http\\Request))
#56 /home/emzaapp1/mysite/vendor/laravel/framework/src/Illuminate/Foundation/Http/Kernel.php(151): Illuminate\\Pipeline\\Pipeline->then(Object(Closure))
#57 /home/emzaapp1/mysite/vendor/laravel/framework/src/Illuminate/Foundation/Http/Kernel.php(116): Illuminate\\Foundation\\Http\\Kernel->sendRequestThroughRouter(Object(Illuminate\\Http\\Request))
#58 /home/emzaapp1/public_html/index.php(55): Illuminate\\Foundation\\Http\\Kernel->handle(Object(Illuminate\\Http\\Request))
#59 {main}
"} 
